This is pdfTeX, Version 3.141592653-2.6-1.40.23 (TeX Live 2021/W32TeX) (preloaded format=pdflatex)
 restricted \write18 enabled.
entering extended mode
(C:\Users\anuku\AppData\Local\Temp\tmpf0065s1z/circuit.tex
LaTeX2e <2021-11-15> patch level 1
L3 programming layer <2022-02-24>
(c:/texlive/2021/texmf-dist/tex/latex/standalone/standalone.cls
Document Class: standalone 2018/03/26 v1.3a Class to compile TeX sub-files stan
dalone
(c:/texlive/2021/texmf-dist/tex/latex/tools/shellesc.sty)
(c:/texlive/2021/texmf-dist/tex/generic/iftex/ifluatex.sty
(c:/texlive/2021/texmf-dist/tex/generic/iftex/iftex.sty))
(c:/texlive/2021/texmf-dist/tex/latex/xkeyval/xkeyval.sty
(c:/texlive/2021/texmf-dist/tex/generic/xkeyval/xkeyval.tex
(c:/texlive/2021/texmf-dist/tex/generic/xkeyval/xkvutils.tex
(c:/texlive/2021/texmf-dist/tex/generic/xkeyval/keyval.tex))))
(c:/texlive/2021/texmf-dist/tex/latex/standalone/standalone.cfg)
(c:/texlive/2021/texmf-dist/tex/latex/base/article.cls
Document Class: article 2021/10/04 v1.4n Standard LaTeX document class
(c:/texlive/2021/texmf-dist/tex/latex/base/size10.clo)))
(c:/texlive/2021/texmf-dist/tex/latex/qcircuit/qcircuit.sty
(c:/texlive/2021/texmf-dist/tex/generic/xypic/xy.sty
(c:/texlive/2021/texmf-dist/tex/generic/xypic/xy.tex Bootstrap'ing: catcodes,
docmode, (c:/texlive/2021/texmf-dist/tex/generic/xypic/xyrecat.tex)
(c:/texlive/2021/texmf-dist/tex/generic/xypic/xyidioms.tex)

 Xy-pic version 3.8.9 <2013/10/06>
 Copyright (c) 1991-2013 by Kristoffer H. Rose <krisrose@tug.org> and others
 Xy-pic is free software: see the User's Guide for details.

Loading kernel: messages; fonts; allocations: state, direction,
utility macros; pictures: \xy, positions, objects, decorations;
kernel objects: directionals, circles, text; options; algorithms: directions,
edges, connections;  Xy-pic loaded)
(c:/texlive/2021/texmf-dist/tex/generic/iftex/ifpdf.sty)
(c:/texlive/2021/texmf-dist/tex/generic/xypic/xypdf.tex
 Xy-pic option: PDF driver v.1.7 loaded))
(c:/texlive/2021/texmf-dist/tex/generic/xypic/xymatrix.tex
 Xy-pic option: Matrix feature v.3.14 loaded)
(c:/texlive/2021/texmf-dist/tex/generic/xypic/xyframe.tex
 Xy-pic option: Frame and Bracket extension v.3.14 loaded)
Xy-pic pdf driver: `frame' extension support
(c:/texlive/2021/texmf-dist/tex/generic/xypic/xypdf-fr.tex
(c:/texlive/2021/texmf-dist/tex/generic/xypic/xycurve.tex
 Xy-pic option: Curve and Spline extension v.3.12 curve, circles, loaded)
Xy-pic pdf driver: `curve' extension support
(c:/texlive/2021/texmf-dist/tex/generic/xypic/xypdf-cu.tex loaded) loaded)
(c:/texlive/2021/texmf-dist/tex/generic/xypic/xyarrow.tex
 Xy-pic option: Arrow and Path feature v.3.9 path, \ar, loaded)
(c:/texlive/2021/texmf-dist/tex/generic/xypic/xyarc.tex
 Xy-pic option: Circle, Ellipse, Arc feature v.3.8 circles, ellipses,
elliptical arcs, loaded))
(c:/texlive/2021/texmf-dist/tex/latex/graphics/graphicx.sty
(c:/texlive/2021/texmf-dist/tex/latex/graphics/graphics.sty
(c:/texlive/2021/texmf-dist/tex/latex/graphics/trig.sty)
(c:/texlive/2021/texmf-dist/tex/latex/graphics-cfg/graphics.cfg)
(c:/texlive/2021/texmf-dist/tex/latex/graphics-def/pdftex.def)))
(c:/texlive/2021/texmf-dist/tex/latex/l3backend/l3backend-pdftex.def)
No file circuit.aux.
(c:/texlive/2021/texmf-dist/tex/context/base/mkii/supp-pdf.mkii
[Loading MPS to PDF converter (version 2006.09.02).]
) (c:/texlive/2021/texmf-dist/tex/latex/epstopdf-pkg/epstopdf-base.sty
(c:/texlive/2021/texmf-dist/tex/latex/latexconfig/epstopdf-sys.cfg)) <xymatrix

! LaTeX Error: Invalid UTF-8 byte "86.

See the LaTeX manual or LaTeX Companion for explanation.
Type  H <return>  for immediate help.
 ...                                              
                                                  
l.22 \\ }}
          
!  ==> Fatal error occurred, no output PDF file produced!
Transcript written on C:\Users\anuku\AppData\Local\Temp\tmpf0065s1z/circuit.log
.
